<?xml version="1.0" encoding="UTF-8"?>
<testsuite name="tests.HomeWorkNewTest" tests="1" skipped="0" failures="0" errors="0" timestamp="2025-01-26T14:46:30" hostname="NB-ISC-14733" time="10.401">
  <properties/>
  <testcase name="checkFirstLastnameTest()" classname="tests.HomeWorkNewTest" time="10.401"/>
  <system-out><![CDATA[]]></system-out>
  <system-err><![CDATA[[Test worker] INFO com.codeborne.selenide.WebDriverThreadLocalContainer - No webdriver is bound to current thread: 1 - let's create a new webdriver
[Test worker] INFO com.codeborne.selenide.webdriver.WebDriverFactory - Selenide 7.7.1 / Selenium 4.28.0 / chrome 131.0.6778.265 mac
[Test worker] INFO com.codeborne.selenide.WebDriverThreadLocalContainer - Browser will stay open due to holdBrowserOpen=true: 1 -> ChromeDriver: chrome on mac (57ad6dd7ae61819c90422eda2647a74d)
]]></system-err>
</testsuite>
